0 info it worked if it ends with ok
1 verbose cli [ '/Users/gaoyibo/.nvm/versions/node/v7.6.0/bin/node',
1 verbose cli   '/Users/gaoyibo/.nvm/versions/node/v7.6.0/bin/npm',
1 verbose cli   'run',
1 verbose cli   'start' ]
2 info using npm@4.1.2
3 info using node@v7.6.0
4 verbose run-script [ 'prestart', 'start', 'poststart' ]
5 info lifecycle riskers@1.0.0~prestart: riskers@1.0.0
6 silly lifecycle riskers@1.0.0~prestart: no script for prestart, continuing
7 info lifecycle riskers@1.0.0~start: riskers@1.0.0
8 verbose lifecycle riskers@1.0.0~start: unsafe-perm in lifecycle true
9 verbose lifecycle riskers@1.0.0~start: PATH: /Users/gaoyibo/.nvm/versions/node/v7.6.0/lib/node_modules/npm/bin/node-gyp-bin:/Users/gaoyibo/share/node_modules/.bin:/Users/gaoyibo/.nvm/versions/node/v7.6.0/bin:/usr/local/bin:/usr/bin:/bin:/usr/sbin:/sbin:/Applications/Wireshark.app/Contents/MacOS
10 verbose lifecycle riskers@1.0.0~start: CWD: /Users/gaoyibo/share
11 silly lifecycle riskers@1.0.0~start: Args: [ '-c', 'nodeppt start -w -d md' ]
12 silly lifecycle riskers@1.0.0~start: Returned: code: 1  signal: null
13 info lifecycle riskers@1.0.0~start: Failed to exec start script
14 verbose stack Error: riskers@1.0.0 start: `nodeppt start -w -d md`
14 verbose stack Exit status 1
14 verbose stack     at EventEmitter.<anonymous> (/Users/gaoyibo/.nvm/versions/node/v7.6.0/lib/node_modules/npm/lib/utils/lifecycle.js:279:16)
14 verbose stack     at emitTwo (events.js:106:13)
14 verbose stack     at EventEmitter.emit (events.js:192:7)
14 verbose stack     at ChildProcess.<anonymous> (/Users/gaoyibo/.nvm/versions/node/v7.6.0/lib/node_modules/npm/lib/utils/spawn.js:40:14)
14 verbose stack     at emitTwo (events.js:106:13)
14 verbose stack     at ChildProcess.emit (events.js:192:7)
14 verbose stack     at maybeClose (internal/child_process.js:890:16)
14 verbose stack     at Process.ChildProcess._handle.onexit (internal/child_process.js:226:5)
15 verbose pkgid riskers@1.0.0
16 verbose cwd /Users/gaoyibo/share
17 error Darwin 16.5.0
18 error argv "/Users/gaoyibo/.nvm/versions/node/v7.6.0/bin/node" "/Users/gaoyibo/.nvm/versions/node/v7.6.0/bin/npm" "run" "start"
19 error node v7.6.0
20 error npm  v4.1.2
21 error code ELIFECYCLE
22 error riskers@1.0.0 start: `nodeppt start -w -d md`
22 error Exit status 1
23 error Failed at the riskers@1.0.0 start script 'nodeppt start -w -d md'.
23 error Make sure you have the latest version of node.js and npm installed.
23 error If you do, this is most likely a problem with the riskers package,
23 error not with npm itself.
23 error Tell the author that this fails on your system:
23 error     nodeppt start -w -d md
23 error You can get information on how to open an issue for this project with:
23 error     npm bugs riskers
23 error Or if that isn't available, you can get their info via:
23 error     npm owner ls riskers
23 error There is likely additional logging output above.
24 verbose exit [ 1, true ]
